c:\users\user\source\repos\task2\task2\debug\vc141.pdb
c:\users\user\source\repos\task2\task2\debug\vc141.idb
c:\users\user\source\repos\task2\task2\debug\stdafx.obj
c:\users\user\source\repos\task2\task2\debug\pch.obj
c:\users\user\source\repos\task2\task2\debug\main.obj
c:\users\user\source\repos\task2\task2\debug\server.obj
c:\users\user\source\repos\task2\task2\debug\client.obj
c:\users\user\source\repos\task2\task2\debug\comms.obj
c:\users\user\source\repos\task2\debug\task2.pdb
c:\users\user\source\repos\task2\task2\debug\task2.tlog\cl.command.1.tlog
c:\users\user\source\repos\task2\task2\debug\task2.tlog\cl.read.1.tlog
c:\users\user\source\repos\task2\task2\debug\task2.tlog\cl.write.1.tlog
c:\users\user\source\repos\task2\task2\debug\task2.tlog\link-cvtres.read.1.tlog
c:\users\user\source\repos\task2\task2\debug\task2.tlog\link-cvtres.write.1.tlog
c:\users\user\source\repos\task2\task2\debug\task2.tlog\link-rc.read.1.tlog
c:\users\user\source\repos\task2\task2\debug\task2.tlog\link-rc.write.1.tlog
c:\users\user\source\repos\task2\task2\debug\task2.tlog\link.11416-cvtres.read.1.tlog
c:\users\user\source\repos\task2\task2\debug\task2.tlog\link.11416-cvtres.write.1.tlog
c:\users\user\source\repos\task2\task2\debug\task2.tlog\link.11416-rc.read.1.tlog
c:\users\user\source\repos\task2\task2\debug\task2.tlog\link.11416-rc.write.1.tlog
c:\users\user\source\repos\task2\task2\debug\task2.tlog\link.11416.read.1.tlog
c:\users\user\source\repos\task2\task2\debug\task2.tlog\link.11416.write.1.tlog
c:\users\user\source\repos\task2\task2\debug\task2.tlog\link.command.1.tlog
c:\users\user\source\repos\task2\task2\debug\task2.tlog\link.read.1.tlog
c:\users\user\source\repos\task2\task2\debug\task2.tlog\link.write.1.tlog
